slurmstepd-adakit: error: Unable to create TMPDIR [/tmp/user/23392]: Permission denied
slurmstepd-adakit: error: Setting TMPDIR to /tmp
Initializing Data...
Using device: cuda
Initializing Model...
checkpoint directory created: ./model
saving model version 0.0
checkpoint directory created: ./model
saving model version 0.0
checkpoint directory created: ./model
saving model version 0.0
checkpoint directory created: ./model
saving model version 0.0
checkpoint directory created: ./model
saving model version 0.0
checkpoint directory created: ./model
saving model version 0.0
checkpoint directory created: ./model
saving model version 0.0
checkpoint directory created: ./model
saving model version 0.0
checkpoint directory created: ./model
saving model version 0.0
checkpoint directory created: ./model
saving model version 0.0
checkpoint directory created: ./model
saving model version 0.0
checkpoint directory created: ./model
saving model version 0.0
checkpoint directory created: ./model
saving model version 0.0
checkpoint directory created: ./model
saving model version 0.0
checkpoint directory created: ./model
saving model version 0.0
checkpoint directory created: ./model
saving model version 0.0
checkpoint directory created: ./model
saving model version 0.0
checkpoint directory created: ./model
saving model version 0.0
checkpoint directory created: ./model
saving model version 0.0
checkpoint directory created: ./model
saving model version 0.0
checkpoint directory created: ./model
saving model version 0.0
checkpoint directory created: ./model
saving model version 0.0
checkpoint directory created: ./model
saving model version 0.0
checkpoint directory created: ./model
saving model version 0.0
checkpoint directory created: ./model
saving model version 0.0
checkpoint directory created: ./model
saving model version 0.0
checkpoint directory created: ./model
saving model version 0.0
checkpoint directory created: ./model
saving model version 0.0
checkpoint directory created: ./model
saving model version 0.0
checkpoint directory created: ./model
saving model version 0.0
checkpoint directory created: ./model
saving model version 0.0
checkpoint directory created: ./model
saving model version 0.0
Using neuron select type: random-pairing
Synch representation size action: 16
Synch representation size out: 16
/home/f/fischerjus/Bachelorarbeit/venv/lib/python3.12/site-packages/kan/MultKAN.py:813: UserWarning: std(): degrees of freedom is <= 0. Correction should be strictly less than the reduction factor (input numel divided by output numel). (Triggered internally at /pytorch/aten/src/ATen/native/ReduceOps.cpp:1857.)
  self.subnode_actscale.append(torch.std(x, dim=0).detach())
/home/f/fischerjus/Bachelorarbeit/venv/lib/python3.12/site-packages/kan/MultKAN.py:823: UserWarning: std(): degrees of freedom is <= 0. Correction should be strictly less than the reduction factor (input numel divided by output numel). (Triggered internally at /pytorch/aten/src/ATen/native/ReduceOps.cpp:1857.)
  input_range = torch.std(preacts, dim=0) + 0.1
/home/f/fischerjus/Bachelorarbeit/venv/lib/python3.12/site-packages/kan/MultKAN.py:824: UserWarning: std(): degrees of freedom is <= 0. Correction should be strictly less than the reduction factor (input numel divided by output numel). (Triggered internally at /pytorch/aten/src/ATen/native/ReduceOps.cpp:1857.)
  output_range_spline = torch.std(postacts_numerical, dim=0) # for training, only penalize the spline part
/home/f/fischerjus/Bachelorarbeit/venv/lib/python3.12/site-packages/kan/MultKAN.py:825: UserWarning: std(): degrees of freedom is <= 0. Correction should be strictly less than the reduction factor (input numel divided by output numel). (Triggered internally at /pytorch/aten/src/ATen/native/ReduceOps.cpp:1857.)
  output_range = torch.std(postacts, dim=0) # for visualization, include the contribution from both spline + symbolic
Model parameters: 21,832
Starting Training...
  0%|          | 0/1000 [00:00<?, ?it/s]